<?xml version="1.0" encoding="UTF-8"?>
<!-- Generated by org.testng.reporters.JUnitXMLReporter -->
<testsuite ignored="0" hostname="DESKTOP-BAQS1II" failures="0" tests="1" name="Test" time="170.851" errors="0" timestamp="2023-02-11T13:02:45 IST">
  <testcase classname="com.uiautomation.testcase.RequestDemoTestCase_Chrome" name="@BeforeMethod launchbrowser" time="170.778">
    <failure type="org.openqa.selenium.SessionNotCreatedException" message="Could not start a new session. Unable to parse remote response: &amp;lt;!DOCTYPE html&amp;gt;
&amp;lt;html&amp;gt;
&amp;lt;head&amp;gt;
  &amp;lt;meta charset=&amp;quot;utf-8&amp;quot;&amp;gt;
  &amp;lt;title&amp;gt;Zalenium - 502
  
    - Bad Gateway
  
  &amp;lt;/title&amp;gt;
  &amp;lt;meta name=&amp;quot;viewport&amp;quot; content=&amp;quot;width=device-width, initial-scale=1&amp;quot;&amp;gt;
  &amp;lt;style&amp;gt;
    h1 { text-align: center; }
    address { text-align: center; }
  &amp;lt;/style&amp;gt;
&amp;lt;/head&amp;gt;
&amp;lt;body&amp;gt;
  &amp;lt;h1&amp;gt;502
  
    - Bad Gateway
  
  &amp;lt;/h1&amp;gt;
&amp;lt;hr&amp;gt;
&amp;lt;address&amp;gt;nginx/1.10.3 - Zalenium 3.141.59z&amp;lt;/address&amp;gt;
&amp;lt;/body&amp;gt;
&amp;lt;/html&amp;gt;
 
Host info: host: &amp;apos;DESKTOP-BAQS1II&amp;apos;, ip: &amp;apos;192.168.57.221&amp;apos;">
      <![CDATA[org.openqa.selenium.SessionNotCreatedException: Could not start a new session. Unable to parse remote response: <!DOCTYPE html>
<html>
<head>
  <meta charset="utf-8">
  <title>Zalenium - 502
  
    - Bad Gateway
  
  </title>
  <meta name="viewport" content="width=device-width, initial-scale=1">
  <style>
    h1 { text-align: center; }
    address { text-align: center; }
  </style>
</head>
<body>
  <h1>502
  
    - Bad Gateway
  
  </h1>
<hr>
<address>nginx/1.10.3 - Zalenium 3.141.59z</address>
</body>
</html>
 
Host info: host: 'DESKTOP-BAQS1II', ip: '192.168.57.221'
at org.openqa.selenium.remote.ProtocolHandshake.createSession(ProtocolHandshake.java:132)
at org.openqa.selenium.remote.ProtocolHandshake.createSession(ProtocolHandshake.java:101)
at org.openqa.selenium.remote.ProtocolHandshake.createSession(ProtocolHandshake.java:67)
at org.openqa.selenium.remote.HttpCommandExecutor.execute(HttpCommandExecutor.java:156)
at org.openqa.selenium.remote.TracedCommandExecutor.execute(TracedCommandExecutor.java:51)
at org.openqa.selenium.remote.RemoteWebDriver.execute(RemoteWebDriver.java:541)
at org.openqa.selenium.remote.RemoteWebDriver.startSession(RemoteWebDriver.java:242)
at org.openqa.selenium.remote.RemoteWebDriver.<init>(RemoteWebDriver.java:157)
at org.openqa.selenium.remote.RemoteWebDriver.<init>(RemoteWebDriver.java:139)
at com.uiautomation.utilities.BrowserFactory.startBrowser(BrowserFactory.java:46)
at com.uiautomation.testcase.RequestDemoTestCase_Chrome.launchbrowser(RequestDemoTestCase_Chrome.java:26)
at java.base/java.util.ArrayList.forEach(ArrayList.java:1511)
Caused by: org.openqa.selenium.json.JsonException: Unable to parse: <!DOCTYPE html>
<html>
<head>
  <meta charset="utf-8">
  <title>Zalenium - 502
  
    - Bad Gateway
  
  </title>
  <meta name="viewport" content="width=device-width, initial-scale=1">
  <style>
    h1 { text-align: center; }
    address { text-align: center; }
  </style>
</head>
<body>
  <h1>502
  
    - Bad Gateway
  
  </h1>
<hr>
<address>nginx/1.10.3 - Zalenium 3.141.59z</address>
</body>
</html>

at org.openqa.selenium.json.Json.toType(Json.java:57)
at org.openqa.selenium.json.Json.toType(Json.java:50)
at org.openqa.selenium.remote.ProtocolHandshake.createSession(ProtocolHandshake.java:129)
... 40 more
Caused by: org.openqa.selenium.json.JsonException: Unable to determine type from: <. Last 1 characters read: <
Build info: version: '4.6.0', revision: '79f1c02ae20'
System info: os.name: 'Windows 11', os.arch: 'amd64', os.version: '10.0', java.version: '19.0.2'
Driver info: driver.version: RemoteWebDriver
at org.openqa.selenium.json.JsonInput.peek(JsonInput.java:126)
at org.openqa.selenium.json.JsonTypeCoercer.lambda$buildCoercer$6(JsonTypeCoercer.java:141)
at org.openqa.selenium.json.JsonTypeCoercer.coerce(JsonTypeCoercer.java:127)
at org.openqa.selenium.json.Json.toType(Json.java:71)
at org.openqa.selenium.json.Json.toType(Json.java:55)
... 42 more
... Removed 29 stack frames]]>
    </failure>
  </testcase> <!-- @BeforeMethod launchbrowser -->
  <testcase classname="com.uiautomation.testcase.RequestDemoTestCase_Chrome" name="@AfterMethod closebrowser" time="-1.676100765594E9">
    <skipped/>
  </testcase> <!-- @AfterMethod closebrowser -->
  <testcase classname="com.uiautomation.testcase.RequestDemoTestCase_Chrome" name="verifyRequestDemo" time="0.0">
    <skipped/>
  </testcase> <!-- verifyRequestDemo -->
</testsuite> <!-- Test -->
