<?xml version="1.0" encoding="UTF-8"?>
<testng-results ignored="0" total="1" passed="1" failed="0" skipped="0">
  <reporter-output>
  </reporter-output>
  <suite started-at="2022-11-24T13:38:38 IST" name="Suite" finished-at="2022-11-24T13:39:22 IST" duration-ms="44707">
    <groups>
    </groups>
    <test started-at="2022-11-24T13:38:38 IST" name="Test" finished-at="2022-11-24T13:39:22 IST" duration-ms="44707">
      <class name="com.uiautomation.testcase.RequestDemoTestCase">
        <test-method is-config="true" signature="launchbrowser()[pri:0, instance:com.uiautomation.testcase.RequestDemoTestCase@1b6e1eff]" started-at="2022-11-24T13:38:38 IST" name="launchbrowser" finished-at="2022-11-24T13:38:46 IST" duration-ms="8298" status="PASS">
          <reporter-output>
          </reporter-output>
        </test-method> <!-- launchbrowser -->
        <test-method signature="verifyRequestDemo()[pri:0, instance:com.uiautomation.testcase.RequestDemoTestCase@1b6e1eff]" started-at="2022-11-24T13:38:46 IST" name="verifyRequestDemo" finished-at="2022-11-24T13:39:22 IST" duration-ms="36031" status="PASS">
          <reporter-output>
          </reporter-output>
        </test-method> <!-- verifyRequestDemo -->
        <test-method is-config="true" signature="closebrowser()[pri:0, instance:com.uiautomation.testcase.RequestDemoTestCase@1b6e1eff]" started-at="2022-11-24T13:39:22 IST" name="closebrowser" finished-at="2022-11-24T13:39:22 IST" duration-ms="334" status="PASS">
          <reporter-output>
          </reporter-output>
        </test-method> <!-- closebrowser -->
      </class> <!-- com.uiautomation.testcase.RequestDemoTestCase -->
    </test> <!-- Test -->
  </suite> <!-- Suite -->
</testng-results>
