<?xml version="1.0" encoding="UTF-8"?>
<testng-results ignored="0" total="1" passed="1" failed="0" skipped="0">
  <reporter-output>
  </reporter-output>
  <suite started-at="2022-11-26T20:45:21 IST" name="Suite" finished-at="2022-11-26T20:46:12 IST" duration-ms="50784">
    <groups>
    </groups>
    <test started-at="2022-11-26T20:45:21 IST" name="Test" finished-at="2022-11-26T20:46:12 IST" duration-ms="50784">
      <class name="com.uiautomation.testcase.RequestDemoTestCase">
        <test-method is-config="true" signature="launchbrowser()[pri:0, instance:com.uiautomation.testcase.RequestDemoTestCase@1b6e1eff]" started-at="2022-11-26T20:45:21 IST" name="launchbrowser" finished-at="2022-11-26T20:45:40 IST" duration-ms="19051" status="PASS">
          <reporter-output>
          </reporter-output>
        </test-method> <!-- launchbrowser -->
        <test-method signature="verifyRequestDemo()[pri:0, instance:com.uiautomation.testcase.RequestDemoTestCase@1b6e1eff]" started-at="2022-11-26T20:45:40 IST" name="verifyRequestDemo" finished-at="2022-11-26T20:46:11 IST" duration-ms="30708" status="PASS">
          <reporter-output>
          </reporter-output>
        </test-method> <!-- verifyRequestDemo -->
        <test-method is-config="true" signature="closebrowser()[pri:0, instance:com.uiautomation.testcase.RequestDemoTestCase@1b6e1eff]" started-at="2022-11-26T20:46:11 IST" name="closebrowser" finished-at="2022-11-26T20:46:12 IST" duration-ms="951" status="PASS">
          <reporter-output>
          </reporter-output>
        </test-method> <!-- closebrowser -->
      </class> <!-- com.uiautomation.testcase.RequestDemoTestCase -->
    </test> <!-- Test -->
  </suite> <!-- Suite -->
</testng-results>
