<?xml version="1.0" encoding="UTF-8"?>
<testng-results ignored="0" total="1" passed="1" failed="0" skipped="0">
  <reporter-output>
  </reporter-output>
  <suite started-at="2023-02-16T16:22:54 IST" name="Suite" finished-at="2023-02-16T16:23:28 IST" duration-ms="33605">
    <groups>
    </groups>
    <test started-at="2023-02-16T16:22:54 IST" name="Test" finished-at="2023-02-16T16:23:28 IST" duration-ms="33605">
      <class name="com.uiautpmation.pralleltestcase.RequestDemoTestCase_Chrome">
        <test-method is-config="true" signature="launchbrowser()[pri:0, instance:com.uiautpmation.pralleltestcase.RequestDemoTestCase_Chrome@4803b726]" started-at="2023-02-16T16:22:54 IST" name="launchbrowser" finished-at="2023-02-16T16:23:02 IST" duration-ms="7629" status="PASS">
          <reporter-output>
          </reporter-output>
        </test-method> <!-- launchbrowser -->
        <test-method signature="verifyRequestDemo()[pri:0, instance:com.uiautpmation.pralleltestcase.RequestDemoTestCase_Chrome@4803b726]" started-at="2023-02-16T16:23:02 IST" name="verifyRequestDemo" finished-at="2023-02-16T16:23:28 IST" duration-ms="25784" status="PASS">
          <reporter-output>
          </reporter-output>
        </test-method> <!-- verifyRequestDemo -->
        <test-method is-config="true" signature="closebrowser()[pri:0, instance:com.uiautpmation.pralleltestcase.RequestDemoTestCase_Chrome@4803b726]" started-at="2023-02-16T16:23:28 IST" name="closebrowser" finished-at="2023-02-16T16:23:28 IST" duration-ms="159" status="PASS">
          <reporter-output>
          </reporter-output>
        </test-method> <!-- closebrowser -->
      </class> <!-- com.uiautpmation.pralleltestcase.RequestDemoTestCase_Chrome -->
    </test> <!-- Test -->
  </suite> <!-- Suite -->
</testng-results>
