<?xml version="1.0" encoding="UTF-8"?>
<testng-results ignored="0" total="1" passed="1" failed="0" skipped="0">
  <reporter-output>
  </reporter-output>
  <suite started-at="2022-11-24T13:33:17 IST" name="Suite" finished-at="2022-11-24T13:33:49 IST" duration-ms="32373">
    <groups>
    </groups>
    <test started-at="2022-11-24T13:33:17 IST" name="Test" finished-at="2022-11-24T13:33:49 IST" duration-ms="32373">
      <class name="com.uiautomation.testcase.RequestDemoTestCase">
        <test-method is-config="true" signature="launchbrowser()[pri:0, instance:com.uiautomation.testcase.RequestDemoTestCase@37654521]" started-at="2022-11-24T13:33:17 IST" name="launchbrowser" finished-at="2022-11-24T13:33:27 IST" duration-ms="10429" status="PASS">
          <reporter-output>
          </reporter-output>
        </test-method> <!-- launchbrowser -->
        <test-method signature="verifyRequestDemo()[pri:0, instance:com.uiautomation.testcase.RequestDemoTestCase@37654521]" started-at="2022-11-24T13:33:27 IST" name="verifyRequestDemo" finished-at="2022-11-24T13:33:49 IST" duration-ms="21524" status="PASS">
          <reporter-output>
          </reporter-output>
        </test-method> <!-- verifyRequestDemo -->
        <test-method is-config="true" signature="closebrowser()[pri:0, instance:com.uiautomation.testcase.RequestDemoTestCase@37654521]" started-at="2022-11-24T13:33:49 IST" name="closebrowser" finished-at="2022-11-24T13:33:49 IST" duration-ms="371" status="PASS">
          <reporter-output>
          </reporter-output>
        </test-method> <!-- closebrowser -->
      </class> <!-- com.uiautomation.testcase.RequestDemoTestCase -->
    </test> <!-- Test -->
  </suite> <!-- Suite -->
</testng-results>
